apps/MoneyKai-mobile/modules/moneykai-native-capture/android/build/intermediates/manifest_merge_blame_file/debug/processDebugManifest/manifest-merger-blame-debug-report.txt
1<?xml version="1.0" encoding="utf-8"?>
2<manifest xmlns:android="http://schemas.android.com/apk/res/android"
3    package="com.moneykai.nativecapture" >
4
5    <uses-sdk android:minSdkVersion="24" />
6
7    <application>
7-->src\main\AndroidManifest.xml:2:3-12:17
8        <service
8-->src\main\AndroidManifest.xml:3:5-11:15
9            android:name="com.moneykai.nativecapture.MoneyKaiNotificationListenerService"
9-->src\main\AndroidManifest.xml:4:7-84
10            android:exported="true"
10-->src\main\AndroidManifest.xml:5:7-30
11            android:label="MoneyKai automatic transaction capture"
11-->src\main\AndroidManifest.xml:6:7-61
12            android:permission="android.permission.BIND_NOTIFICATION_LISTENER_SERVICE" >
12-->src\main\AndroidManifest.xml:7:7-81
13            <intent-filter>
13-->src\main\AndroidManifest.xml:8:7-10:23
14                <action android:name="android.service.notification.NotificationListenerService" />
14-->src\main\AndroidManifest.xml:9:9-91
14-->src\main\AndroidManifest.xml:9:17-88
15            </intent-filter>
16        </service>
17    </application>
18
19</manifest>